<?xml version="1.0" encoding="UTF-8"?>
<!-- Generated by org.testng.reporters.JUnitXMLReporter -->
<testsuite hostname="DEW-YOVCHEV" ignored="1" name="Default test(failed)" tests="2" failures="1" timestamp="05 Mar 2019 17:32:21 GMT" time="0.035" errors="0">
  <testcase name="test2" time="0.008" classname="prioritize.TestNGRetryFailedDemo"/>
  <testcase name="test3" time="0.003" classname="prioritize.TestNGRetryFailedDemo">
    <failure type="java.lang.AssertionError" message="expected [true] but found [false]">
      <![CDATA[java.lang.AssertionError: expected [true] but found [false]
at prioritize.TestNGRetryFailedDemo.test3(TestNGRetryFailedDemo.java:26)
... Removed 29 stack frames]]>
    </failure>
  </testcase> <!-- test3 -->
  <testcase name="test1" time="0.0" classname="prioritize.TestNGRetryFailedDemo">
    <ignored/>
  </testcase> <!-- test1 -->
</testsuite> <!-- Default test(failed) -->
