<?xml version="1.0" encoding="UTF-8"?>
<testng-results skipped="0" failed="0" ignored="0" total="1" passed="1">
  <reporter-output>
  </reporter-output>
  <suite name="Default suite" duration-ms="8198" started-at="2019-03-06T15:14:32Z" finished-at="2019-03-06T15:14:40Z">
    <groups>
    </groups>
    <test name="Default test" duration-ms="8198" started-at="2019-03-06T15:14:32Z" finished-at="2019-03-06T15:14:40Z">
      <class name="prioritize.Test1">
        <test-method status="PASS" signature="setUp()[pri:0, instance:prioritize.Test1@548e7350]" name="setUp" is-config="true" duration-ms="3067" started-at="2019-03-06T15:14:32Z" finished-at="2019-03-06T15:14:35Z">
          <reporter-output>
          </reporter-output>
        </test-method> <!-- setUp -->
        <test-method status="PASS" signature="test1()[pri:0, instance:prioritize.Test1@548e7350]" name="test1" duration-ms="4332" started-at="2019-03-06T15:14:35Z" finished-at="2019-03-06T15:14:39Z">
          <reporter-output>
          </reporter-output>
        </test-method> <!-- test1 -->
        <test-method status="PASS" signature="tearDown()[pri:0, instance:prioritize.Test1@548e7350]" name="tearDown" is-config="true" duration-ms="781" started-at="2019-03-06T15:14:39Z" finished-at="2019-03-06T15:14:40Z">
          <reporter-output>
          </reporter-output>
        </test-method> <!-- tearDown -->
      </class> <!-- prioritize.Test1 -->
    </test> <!-- Default test -->
  </suite> <!-- Default suite -->
</testng-results>
